\BOOKMARK [0][]{declaration.0}{Declaration}{}% 1
\BOOKMARK [1][-]{tableofcontents.1}{Contents}{declaration.0}% 2
\BOOKMARK [1][-]{lof.1}{List of Figures}{declaration.0}% 3
\BOOKMARK [0][]{dummy.4}{Acronyms}{}% 4
\BOOKMARK [1][-]{acronyms.1}{Acronyms}{dummy.4}% 5
\BOOKMARK [0][]{chapter.1}{1 Introduction and Problem Statement}{}% 6
\BOOKMARK [0][]{chapter.2}{2 Literature Study}{}% 7
\BOOKMARK [1][-]{section.2.1}{2.1 Modeling the DC Motor}{chapter.2}% 8
\BOOKMARK [1][-]{section.2.2}{2.2 Simulatong the system}{chapter.2}% 9
\BOOKMARK [0][]{chapter.3}{3 Modeling}{}% 10
\BOOKMARK [1][-]{section.3.1}{3.1 Measuring the Mechanical Time constant}{chapter.3}% 11
\BOOKMARK [1][-]{section.3.2}{3.2 Determining K and comparing the model with the results}{chapter.3}% 12
\BOOKMARK [1][-]{section.3.3}{3.3 Designing the PID}{chapter.3}% 13
\BOOKMARK [0][]{chapter.4}{4 Controller Design}{}% 14
\BOOKMARK [1][-]{section.4.1}{4.1 Determining \040and n}{chapter.4}% 15
\BOOKMARK [1][-]{section.4.2}{4.2 solving for Kp and Ki}{chapter.4}% 16
\BOOKMARK [1][-]{section.4.3}{4.3 testing the results}{chapter.4}% 17
\BOOKMARK [0][]{chapter.5}{5 Controller Simulation}{}% 18
\BOOKMARK [0][]{chapter.6}{6 Practical Implementation}{}% 19
\BOOKMARK [0][]{chapter.7}{7 Results}{}% 20
\BOOKMARK [0][]{chapter.8}{8 Discussion of results and Conclusion}{}% 21
\BOOKMARK [0][]{chapter.9}{9 Appendix A: One Page Experiment Design}{}% 22
\BOOKMARK [0][]{chapter.10}{10 Appendix B: Source code Listings}{}% 23
\BOOKMARK [1][-]{section.10.1}{10.1 Python Average Filter}{chapter.10}% 24
\BOOKMARK [1][-]{section.10.2}{10.2 STM32F source code \(PID function\)}{chapter.10}% 25
