This is pdfTeX, Version 3.1415926-2.5-1.40.14 (MiKTeX 2.9) (preloaded format=pdflatex 2015.11.19)  10 OCT 2016 09:46
entering extended mode
**C:/akademie/eeri321/prak2/tex/classicthesis*holy*template*EERI/main.tex
("C:/akademie/eeri321/prak2/tex/classicthesis holy template EERI/main.tex"
LaTeX2e <2011/06/27>
Babel <v3.8m> and hyphenation patterns for english, afrikaans, ancientgreek, ar
abic, armenian, assamese, basque, bengali, bokmal, bulgarian, catalan, coptic, 
croatian, czech, danish, dutch, esperanto, estonian, farsi, finnish, french, ga
lician, german, german-x-2013-05-26, greek, gujarati, hindi, hungarian, iceland
ic, indonesian, interlingua, irish, italian, kannada, kurmanji, latin, latvian,
 lithuanian, malayalam, marathi, mongolian, mongolianlmc, monogreek, ngerman, n
german-x-2013-05-26, nynorsk, oriya, panjabi, pinyin, polish, portuguese, roman
ian, russian, sanskrit, serbian, slovak, slovenian, spanish, swedish, swissgerm
an, tamil, telugu, turkish, turkmen, ukenglish, ukrainian, uppersorbian, usengl
ishmax, welsh, loaded.
("C:\portable apps\miktex portable\tex\latex\koma-script\scrreprt.cls"
Document Class: scrreprt 2015/10/03 v3.19a KOMA-Script document class (report)
("C:\portable apps\miktex portable\tex\latex\koma-script\scrkbase.sty"
Package: scrkbase 2015/10/03 v3.19a KOMA-Script package (KOMA-Script-dependent 
basics and keyval usage)

("C:\portable apps\miktex portable\tex\latex\koma-script\scrbase.sty"
Package: scrbase 2015/10/03 v3.19a KOMA-Script package (KOMA-Script-independent
 basics and keyval usage)

("C:\portable apps\miktex portable\tex\latex\graphics\keyval.sty"
Package: keyval 1999/03/16 v1.13 key=value parser (DPC)
\KV@toks@=\toks14
)
("C:\portable apps\miktex portable\tex\latex\koma-script\scrlfile.sty"
Package: scrlfile 2015/10/03 v3.19a KOMA-Script package (loading files)

Package scrlfile, 2015/10/03 v3.19a KOMA-Script package (loading files)
                  Copyright (C) Markus Kohm

))) ("C:\portable apps\miktex portable\tex\latex\koma-script\tocbasic.sty"
Package: tocbasic 2015/10/03 v3.19a KOMA-Script package (handling toc-files)
)
Package tocbasic Info: omitting babel extension for `toc'
(tocbasic)             because of feature `nobabel' available
(tocbasic)             for `toc' on input line 125.
Package tocbasic Info: omitting babel extension for `lof'
(tocbasic)             because of feature `nobabel' available
(tocbasic)             for `lof' on input line 126.
Package tocbasic Info: omitting babel extension for `lot'
(tocbasic)             because of feature `nobabel' available
(tocbasic)             for `lot' on input line 127.
Package tocbasic Info: defining new hook before heading of `' on input line 158
8.
Class scrreprt Info: File `scrsize11pt.clo' used to setup font sizes on input l
ine 2248.

("C:\portable apps\miktex portable\tex\latex\koma-script\scrsize11pt.clo"
File: scrsize11pt.clo 2015/10/03 v3.19a KOMA-Script font size class option (11p
t)
)
("C:\portable apps\miktex portable\tex\latex\koma-script\typearea.sty"
Package: typearea 2015/10/03 v3.19a KOMA-Script package (type area)

Package typearea, 2015/10/03 v3.19a KOMA-Script package (type area)
                  Copyright (C) Frank Neukam, 1992-1994
                  Copyright (C) Markus Kohm, 1994-

\ta@bcor=\skip41
\ta@div=\count79
\ta@hblk=\skip42
\ta@vblk=\skip43
\ta@temp=\skip44
\footheight=\skip45
Package typearea Info: These are the values describing the layout:
(typearea)             DIV  = 10
(typearea)             BCOR = 14.22636pt
(typearea)             \paperwidth      = 597.50793pt
(typearea)              \textwidth      = 408.2971pt
(typearea)              DIV departure   = -3%
(typearea)              \evensidemargin = 29.44861pt
(typearea)              \oddsidemargin  = 29.44861pt
(typearea)             \paperheight     = 845.04694pt
(typearea)              \textheight     = 514.20023pt
(typearea)              \topmargin      = 12.2347pt
(typearea)              \headheight     = 17.0pt
(typearea)              \headsep        = 20.40001pt
(typearea)              \topskip        = 11.0pt
(typearea)              \footskip       = 47.6pt
(typearea)              \baselineskip   = 13.6pt
(typearea)              on input line 1509.
)
\c@part=\count80
\c@chapter=\count81
\c@section=\count82
\c@subsection=\count83
\c@subsubsection=\count84
\c@paragraph=\count85
\c@subparagraph=\count86
\abovecaptionskip=\skip46
\belowcaptionskip=\skip47
\c@pti@nb@sid@b@x=\box26
\c@figure=\count87
\c@table=\count88
\bibindent=\dimen102
)
("C:\akademie\eeri321\prak2\tex\classicthesis holy template EERI\classicthesis-
config.tex"
\c@dummy=\count89
 ("C:\portable apps\miktex portable\tex\latex\lipsum\lipsum.sty"
Package: lipsum 2014/07/27 v1.3 150 paragraphs of Lorem Ipsum dummy text
\c@lips@count=\count90
)
("C:\portable apps\miktex portable\tex\latex\base\inputenc.sty"
Package: inputenc 2008/03/30 v1.1d Input encoding file
\inpenc@prehook=\toks15
\inpenc@posthook=\toks16

("C:\portable apps\miktex portable\tex\latex\base\latin9.def"
File: latin9.def 2008/03/30 v1.1d Input encoding file
))
("C:\portable apps\miktex portable\tex\generic\babel\babel.sty"
Package: babel 2008/07/08 v3.8m The Babel package

*************************************
* Local config file bblopts.cfg used
*
("C:\portable apps\miktex portable\tex\latex\00miktex\bblopts.cfg"
File: bblopts.cfg 2006/07/31 v1.0 MiKTeX 'babel' configuration
)
("C:\portable apps\miktex portable\tex\generic\babel\ngermanb.ldf"
Language: ngermanb 2008/07/06 v2.6n new German support from the babel system

("C:\portable apps\miktex portable\tex\generic\babel\babel.def"
File: babel.def 2008/07/08 v3.8m Babel common definitions
\babel@savecnt=\count91
\U@D=\dimen103
)
\l@naustrian = a dialect from \language\l@ngerman 
Package babel Info: Making " an active character on input line 92.
)
("C:\portable apps\miktex portable\tex\generic\babel\english.ldf"
Language: english 2005/03/30 v3.3o English support from the babel system
\l@canadian = a dialect from \language\l@american 
\l@australian = a dialect from \language\l@british 
\l@newzealand = a dialect from \language\l@british 
))
("C:\portable apps\miktex portable\tex\latex\natbib\natbib.sty"
Package: natbib 2010/09/13 8.31b (PWD, AO)
\bibhang=\skip48
\bibsep=\skip49
LaTeX Info: Redefining \cite on input line 694.
\c@NAT@ctr=\count92
)
("C:\portable apps\miktex portable\tex\latex\amsmath\amsmath.sty"
Package: amsmath 2013/01/14 v2.14 AMS math features
\@mathmargin=\skip50

For additional information on amsmath, use the `?' option.
("C:\portable apps\miktex portable\tex\latex\amsmath\amstext.sty"
Package: amstext 2000/06/29 v2.01

("C:\portable apps\miktex portable\tex\latex\amsmath\amsgen.sty"
File: amsgen.sty 1999/11/30 v2.0
\@emptytoks=\toks17
\ex@=\dimen104
))
("C:\portable apps\miktex portable\tex\latex\amsmath\amsbsy.sty"
Package: amsbsy 1999/11/29 v1.2d
\pmbraise@=\dimen105
)
("C:\portable apps\miktex portable\tex\latex\amsmath\amsopn.sty"
Package: amsopn 1999/12/14 v2.01 operator names
)
\inf@bad=\count93
LaTeX Info: Redefining \frac on input line 210.
\uproot@=\count94
\leftroot@=\count95
LaTeX Info: Redefining \overline on input line 306.
\classnum@=\count96
\DOTSCASE@=\count97
LaTeX Info: Redefining \ldots on input line 378.
LaTeX Info: Redefining \dots on input line 381.
LaTeX Info: Redefining \cdots on input line 466.
\Mathstrutbox@=\box27
\strutbox@=\box28
\big@size=\dimen106
LaTeX Font Info:    Redeclaring font encoding OML on input line 566.
LaTeX Font Info:    Redeclaring font encoding OMS on input line 567.
\macc@depth=\count98
\c@MaxMatrixCols=\count99
\dotsspace@=\muskip10
\c@parentequation=\count100
\dspbrk@lvl=\count101
\tag@help=\toks18
\row@=\count102
\column@=\count103
\maxfields@=\count104
\andhelp@=\toks19
\eqnshift@=\dimen107
\alignsep@=\dimen108
\tagshift@=\dimen109
\tagwidth@=\dimen110
\totwidth@=\dimen111
\lineht@=\dimen112
\@envbody=\toks20
\multlinegap=\skip51
\multlinetaggap=\skip52
\mathdisplay@stack=\toks21
LaTeX Info: Redefining \[ on input line 2665.
LaTeX Info: Redefining \] on input line 2666.
)
("C:\portable apps\miktex portable\tex\latex\base\fontenc.sty"
Package: fontenc 2005/09/27 v1.99g Standard LaTeX package

("C:\portable apps\miktex portable\tex\latex\base\t1enc.def"
File: t1enc.def 2005/09/27 v1.99g Standard LaTeX file
LaTeX Font Info:    Redeclaring font encoding T1 on input line 43.
))
("C:\portable apps\miktex portable\tex\latex\tools\xspace.sty"
Package: xspace 2009/10/20 v1.13 Space after command names (DPC,MH)
)
("C:\portable apps\miktex portable\tex\latex\mparhack\mparhack.sty"
Package: mparhack 2005/04/17 v1.4 (T. Sgouros and S. Ulrich)
)
("C:\portable apps\miktex portable\tex\latex\base\fixltx2e.sty"
Package: fixltx2e 2006/09/13 v1.1m fixes to LaTeX
LaTeX Info: Redefining \em on input line 420.
LaTeX Info: Redefining \textsubscript on input line 424.
LaTeX Info: The control sequence `\[' is already robust on input line 471.
LaTeX Info: The control sequence `\]' is already robust on input line 472.
)
("C:\portable apps\miktex portable\tex\latex\acronym\acronym.sty"
Package: acronym 2015/03/21 v1.41 Support for acronyms (Tobias Oetiker)

("C:\portable apps\miktex portable\tex\latex\bigfoot\suffix.sty"
Package: suffix 2006/07/15 1.5a Variant command support
)
("C:\portable apps\miktex portable\tex\latex\xstring\xstring.sty"
("C:\portable apps\miktex portable\tex\generic\xstring\xstring.tex"
\@xs@message=\write3
\integerpart=\count105
\decimalpart=\count106
)
Package: xstring 2013/10/13  v1.7c  String manipulations (C Tellechea)
)
("C:\portable apps\miktex portable\tex\latex\ltxmisc\relsize.sty"
Package: relsize 2003/07/04 ver 3.1
)
\AC@clearlist=\toks22
)
("C:\portable apps\miktex portable\tex\latex\graphics\graphicx.sty"
Package: graphicx 1999/02/16 v1.0f Enhanced LaTeX Graphics (DPC,SPQR)

("C:\portable apps\miktex portable\tex\latex\graphics\graphics.sty"
Package: graphics 2009/02/05 v1.0o Standard LaTeX Graphics (DPC,SPQR)

("C:\portable apps\miktex portable\tex\latex\graphics\trig.sty"
Package: trig 1999/03/16 v1.09 sin cos tan (DPC)
)
("C:\portable apps\miktex portable\tex\latex\00miktex\graphics.cfg"
File: graphics.cfg 2007/01/18 v1.5 graphics configuration of teTeX/TeXLive
)
Package graphics Info: Driver file: pdftex.def on input line 91.

("C:\portable apps\miktex portable\tex\latex\pdftex-def\pdftex.def"
File: pdftex.def 2011/05/27 v0.06d Graphics/color for pdfTeX

("C:\portable apps\miktex portable\tex\generic\oberdiek\infwarerr.sty"
Package: infwarerr 2010/04/08 v1.3 Providing info/warning/error messages (HO)
)
("C:\portable apps\miktex portable\tex\generic\oberdiek\ltxcmds.sty"
Package: ltxcmds 2011/11/09 v1.22 LaTeX kernel commands for general use (HO)
)
\Gread@gobject=\count107
))
\Gin@req@height=\dimen113
\Gin@req@width=\dimen114
)
("C:\portable apps\miktex portable\tex\latex\tools\tabularx.sty"
Package: tabularx 1999/01/07 v2.07 `tabularx' package (DPC)

("C:\portable apps\miktex portable\tex\latex\tools\array.sty"
Package: array 2008/09/09 v2.4c Tabular extension package (FMi)
\col@sep=\dimen115
\extrarowheight=\dimen116
\NC@list=\toks23
\extratabsurround=\skip53
\backup@length=\skip54
)
\TX@col@width=\dimen117
\TX@old@table=\dimen118
\TX@old@col=\dimen119
\TX@target=\dimen120
\TX@delta=\dimen121
\TX@cols=\count108
\TX@ftn=\toks24
)
("C:\portable apps\miktex portable\tex\latex\caption\caption.sty"
Package: caption 2016/02/21 v3.3-144 Customizing captions (AR)

("C:\portable apps\miktex portable\tex\latex\caption\caption3.sty"
Package: caption3 2016/02/04 v1.7-139 caption3 kernel (AR)
Package caption3 Info: TeX engine: e-TeX on input line 67.
\captionmargin=\dimen122
\captionmargin@=\dimen123
\captionwidth=\dimen124
\caption@tempdima=\dimen125
\caption@indent=\dimen126
\caption@parindent=\dimen127
\caption@hangindent=\dimen128
)
Package caption Info: KOMA-Script document class.
\c@ContinuedFloat=\count109
)
("C:\portable apps\miktex portable\tex\latex\subfig\subfig.sty"
Package: subfig 2005/06/28 ver: 1.3 subfig package
\c@KVtest=\count110
\sf@farskip=\skip55
\sf@captopadj=\dimen129
\sf@capskip=\skip56
\sf@nearskip=\skip57
\c@subfigure=\count111
\c@subfigure@save=\count112
\c@lofdepth=\count113
\c@subtable=\count114
\c@subtable@save=\count115
\c@lotdepth=\count116
\sf@top=\skip58
\sf@bottom=\skip59
)
("C:\portable apps\miktex portable\tex\latex\listings\listings.sty"
\lst@mode=\count117
\lst@gtempboxa=\box29
\lst@token=\toks25
\lst@length=\count118
\lst@currlwidth=\dimen130
\lst@column=\count119
\lst@pos=\count120
\lst@lostspace=\dimen131
\lst@width=\dimen132
\lst@newlines=\count121
\lst@lineno=\count122
\lst@maxwidth=\dimen133

("C:\portable apps\miktex portable\tex\latex\listings\lstmisc.sty"
File: lstmisc.sty 2015/06/04 1.6 (Carsten Heinz)
\c@lstnumber=\count123
\lst@skipnumbers=\count124
\lst@framebox=\box30
)
("C:\portable apps\miktex portable\tex\latex\listings\listings.cfg"
File: listings.cfg 2015/06/04 1.6 listings configuration
))
Package: listings 2015/06/04 1.6 (Carsten Heinz)

("C:\portable apps\miktex portable\tex\latex\listings\lstlang1.sty"
File: lstlang1.sty 2015/06/04 1.6 listings language file
)
("C:\portable apps\miktex portable\tex\latex\hyperref\hyperref.sty"
Package: hyperref 2012/11/06 v6.83m Hypertext links for LaTeX

("C:\portable apps\miktex portable\tex\generic\oberdiek\hobsub-hyperref.sty"
Package: hobsub-hyperref 2012/04/25 v1.12 Bundle oberdiek, subset hyperref (HO)


("C:\portable apps\miktex portable\tex\generic\oberdiek\hobsub-generic.sty"
Package: hobsub-generic 2012/04/25 v1.12 Bundle oberdiek, subset generic (HO)
Package: hobsub 2012/04/25 v1.12 Construct package bundles (HO)
Package hobsub Info: Skipping package `infwarerr' (already loaded).
Package hobsub Info: Skipping package `ltxcmds' (already loaded).
Package: ifluatex 2010/03/01 v1.3 Provides the ifluatex switch (HO)
Package ifluatex Info: LuaTeX not detected.
Package: ifvtex 2010/03/01 v1.5 Detect VTeX and its facilities (HO)
Package ifvtex Info: VTeX not detected.
Package: intcalc 2007/09/27 v1.1 Expandable calculations with integers (HO)
Package: ifpdf 2011/01/30 v2.3 Provides the ifpdf switch (HO)
Package ifpdf Info: pdfTeX in PDF mode is detected.
Package: etexcmds 2011/02/16 v1.5 Avoid name clashes with e-TeX commands (HO)
Package etexcmds Info: Could not find \expanded.
(etexcmds)             That can mean that you are not using pdfTeX 1.50 or
(etexcmds)             that some package has redefined \expanded.
(etexcmds)             In the latter case, load this package earlier.
Package: kvsetkeys 2012/04/25 v1.16 Key value parser (HO)
Package: kvdefinekeys 2011/04/07 v1.3 Define keys (HO)
Package: pdftexcmds 2011/11/29 v0.20 Utility functions of pdfTeX for LuaTeX (HO
)
Package pdftexcmds Info: LuaTeX not detected.
Package pdftexcmds Info: \pdf@primitive is available.
Package pdftexcmds Info: \pdf@ifprimitive is available.
Package pdftexcmds Info: \pdfdraftmode found.
Package: pdfescape 2011/11/25 v1.13 Implements pdfTeX's escape features (HO)
Package: bigintcalc 2012/04/08 v1.3 Expandable calculations on big integers (HO
)
Package: bitset 2011/01/30 v1.1 Handle bit-vector datatype (HO)
Package: uniquecounter 2011/01/30 v1.2 Provide unlimited unique counter (HO)
)
Package hobsub Info: Skipping package `hobsub' (already loaded).
Package: letltxmacro 2010/09/02 v1.4 Let assignment for LaTeX macros (HO)
Package: hopatch 2011/06/24 v1.1 Wrapper for package hooks (HO)
Package: xcolor-patch 2011/01/30 xcolor patch
Package: atveryend 2011/06/30 v1.8 Hooks at the very end of document (HO)
Package atveryend Info: \enddocument detected (standard20110627).
Package: atbegshi 2011/10/05 v1.16 At begin shipout hook (HO)
Package: refcount 2011/10/16 v3.4 Data extraction from label references (HO)
Package: hycolor 2011/01/30 v1.7 Color options for hyperref/bookmark (HO)
)
("C:\portable apps\miktex portable\tex\generic\ifxetex\ifxetex.sty"
Package: ifxetex 2010/09/12 v0.6 Provides ifxetex conditional
)
("C:\portable apps\miktex portable\tex\latex\oberdiek\auxhook.sty"
Package: auxhook 2011/03/04 v1.3 Hooks for auxiliary files (HO)
)
("C:\portable apps\miktex portable\tex\latex\oberdiek\kvoptions.sty"
Package: kvoptions 2011/06/30 v3.11 Key value format for package options (HO)
)
\@linkdim=\dimen134
\Hy@linkcounter=\count125
\Hy@pagecounter=\count126

("C:\portable apps\miktex portable\tex\latex\hyperref\pd1enc.def"
File: pd1enc.def 2012/11/06 v6.83m Hyperref: PDFDocEncoding definition (HO)
)
\Hy@SavedSpaceFactor=\count127

("C:\portable apps\miktex portable\tex\latex\00miktex\hyperref.cfg"
File: hyperref.cfg 2002/06/06 v1.2 hyperref configuration of TeXLive
)
Package hyperref Info: Option `hyperfootnotes' set `false' on input line 4319.
Package hyperref Info: Option `pdfpagelabels' set `true' on input line 4319.
Package hyperref Info: Hyper figures OFF on input line 4443.
Package hyperref Info: Link nesting OFF on input line 4448.
Package hyperref Info: Hyper index ON on input line 4451.
Package hyperref Info: Plain pages OFF on input line 4458.
Package hyperref Info: Backreferencing OFF on input line 4463.
Package hyperref Info: Implicit mode ON; LaTeX internals redefined.
Package hyperref Info: Bookmarks ON on input line 4688.
\c@Hy@tempcnt=\count128

("C:\portable apps\miktex portable\tex\latex\url\url.sty"
\Urlmuskip=\muskip11
Package: url 2013/09/16  ver 3.4  Verb mode for urls, etc.
)
LaTeX Info: Redefining \url on input line 5041.
\XeTeXLinkMargin=\dimen135
\Fld@menulength=\count129
\Field@Width=\dimen136
\Fld@charsize=\dimen137
Package hyperref Info: Hyper figures OFF on input line 6295.
Package hyperref Info: Link nesting OFF on input line 6300.
Package hyperref Info: Hyper index ON on input line 6303.
Package hyperref Info: backreferencing OFF on input line 6310.
Package hyperref Info: Link coloring OFF on input line 6315.
Package hyperref Info: Link coloring with OCG OFF on input line 6320.
Package hyperref Info: PDF/A mode OFF on input line 6325.
LaTeX Info: Redefining \ref on input line 6365.
LaTeX Info: Redefining \pageref on input line 6369.
\Hy@abspage=\count130
\c@Item=\count131
)

Package hyperref Message: Driver: hpdftex.

("C:\portable apps\miktex portable\tex\latex\hyperref\hpdftex.def"
File: hpdftex.def 2012/11/06 v6.83m Hyperref driver for pdfTeX
\Fld@listcount=\count132
\c@bookmark@seq@number=\count133

("C:\portable apps\miktex portable\tex\latex\oberdiek\rerunfilecheck.sty"
Package: rerunfilecheck 2011/04/15 v1.7 Rerun checks for auxiliary files (HO)
Package uniquecounter Info: New unique counter `rerunfilecheck' on input line 2
82.
)
\Hy@SectionHShift=\skip60
)
Package hyperref Info: Option `colorlinks' set `true' on input line 167.
Package hyperref Info: Option `linktocpage' set `true' on input line 167.
Package hyperref Info: Option `breaklinks' set `true' on input line 167.
Package hyperref Info: Option `pageanchor' set `true' on input line 167.
Package hyperref Info: Option `plainpages' set `false' on input line 167.
Package hyperref Info: Option `bookmarksnumbered' set `true' on input line 167.

Package hyperref Info: Option `bookmarksopen' set `true' on input line 167.
Package hyperref Info: Option `hypertexnames' set `true' on input line 167.

("C:\portable apps\miktex portable\tex\latex\base\ifthen.sty"
Package: ifthen 2001/05/26 v1.1c Standard LaTeX ifthen package (DPC)
)
("C:\portable apps\miktex portable\tex\latex\draftwatermark\draftwatermark.sty"
Package: draftwatermark 2015/02/19 1.2 Put a gray textual watermark on document
 pages
("C:\portable apps\miktex portable\tex\latex\everypage\everypage.sty"
Package: everypage 2007/06/20 1.1 Hooks to run on every page
)
("C:\portable apps\miktex portable\tex\latex\graphics\color.sty"
Package: color 2005/11/14 v1.0j Standard LaTeX Color (DPC)

("C:\portable apps\miktex portable\tex\latex\00miktex\color.cfg"
File: color.cfg 2007/01/18 v1.5 color configuration of teTeX/TeXLive
)
Package color Info: Driver file: pdftex.def on input line 130.
)
\sc@wm@hcenter=\skip61
\sc@wm@vcenter=\skip62
\sc@wm@fontsize=\skip63
)

Class scrreprt Warning: Usage of package `fancyhdr' together
(scrreprt)              with a KOMA-Script class is not recommended.
(scrreprt)              I'd suggest to use 
(scrreprt)              package `scrlayer-scrpage'.
(scrreprt)              Nevertheless, using requested
(scrreprt)              package `fancyhdr' on input line 211.

("C:\portable apps\miktex portable\tex\latex\fancyhdr\fancyhdr.sty"
\fancy@headwidth=\skip64
\f@ncyO@elh=\skip65
\f@ncyO@erh=\skip66
\f@ncyO@olh=\skip67
\f@ncyO@orh=\skip68
\f@ncyO@elf=\skip69
\f@ncyO@erf=\skip70
\f@ncyO@olf=\skip71
\f@ncyO@orf=\skip72
)
("C:\portable apps\miktex portable\tex\latex\placeins\placeins.sty"
Package: placeins 2005/04/18  v 2.2
)
("C:\portable apps\miktex portable\tex\latex\booktabs\booktabs.sty"
Package: booktabs 2005/04/14 v1.61803 publication quality tables
\heavyrulewidth=\dimen138
\lightrulewidth=\dimen139
\cmidrulewidth=\dimen140
\belowrulesep=\dimen141
\belowbottomsep=\dimen142
\aboverulesep=\dimen143
\abovetopsep=\dimen144
\cmidrulesep=\dimen145
\cmidrulekern=\dimen146
\defaultaddspace=\dimen147
\@cmidla=\count134
\@cmidlb=\count135
\@aboverulesep=\dimen148
\@belowrulesep=\dimen149
\@thisruleclass=\count136
\@lastruleclass=\count137
\@thisrulewidth=\dimen150
)
("C:\portable apps\miktex portable\tex\latex\ncctools\watermark.sty"
Package: watermark 2004/12/09 v1.1 Watermarks (NCC)
)
\c@definition=\count138

("C:\akademie\eeri321\prak2\tex\classicthesis holy template EERI\classicthesis.
sty"
Package: classicthesis 2011/12/17 v4.0 Typographic style for a classic-looking 
thesis
 ("C:\portable apps\miktex portable\tex\latex\xcolor\xcolor.sty"
Package: xcolor 2007/01/21 v2.11 LaTeX color extensions (UK)

("C:\portable apps\miktex portable\tex\latex\00miktex\color.cfg"
File: color.cfg 2007/01/18 v1.5 color configuration of teTeX/TeXLive
)
Package xcolor Info: Driver file: pdftex.def on input line 225.
LaTeX Info: Redefining \color on input line 702.
Package xcolor Info: Model `cmy' substituted by `cmy0' on input line 1337.
Package xcolor Info: Model `hsb' substituted by `rgb' on input line 1341.
Package xcolor Info: Model `RGB' extended on input line 1353.
Package xcolor Info: Model `HTML' substituted by `rgb' on input line 1355.
Package xcolor Info: Model `Hsb' substituted by `hsb' on input line 1356.
Package xcolor Info: Model `tHsb' substituted by `hsb' on input line 1357.
Package xcolor Info: Model `HSB' substituted by `hsb' on input line 1358.
Package xcolor Info: Model `Gray' substituted by `gray' on input line 1359.
Package xcolor Info: Model `wave' substituted by `hsb' on input line 1360.

("C:\portable apps\miktex portable\tex\latex\graphics\dvipsnam.def"
File: dvipsnam.def 1999/02/16 v3.0i Driver-dependant file (DPC,SPQR)
))
("C:\portable apps\miktex portable\tex\latex\psnfss\mathpazo.sty"
Package: mathpazo 2005/04/12 PSNFSS-v9.2a Palatino w/ Pazo Math (D.Puga, WaS) 
\symupright=\mathgroup4
)
("C:\portable apps\miktex portable\tex\latex\bera\beramono.sty"
Package: beramono 2004/01/31 (WaS)
)
("C:\portable apps\miktex portable\tex\latex\eulervm\eulervm.sty"
Package: eulervm 2005/01/11 v4.0 (WaS)
)
("C:\portable apps\miktex portable\tex\latex\microtype\microtype.sty"
Package: microtype 2013/05/23 v2.5a Micro-typographical refinements (RS)
\MT@toks=\toks26
\MT@count=\count139
LaTeX Info: Redefining \textls on input line 766.
\MT@outer@kern=\dimen151
LaTeX Info: Redefining \textmicrotypecontext on input line 1285.
\MT@listname@count=\count140

("C:\portable apps\miktex portable\tex\latex\microtype\microtype-pdftex.def"
File: microtype-pdftex.def 2013/05/23 v2.5a Definitions specific to pdftex (RS)

LaTeX Info: Redefining \lsstyle on input line 915.
LaTeX Info: Redefining \lslig on input line 915.
\MT@outer@space=\skip73
)
Package microtype Info: Loading configuration file microtype.cfg.

("C:\portable apps\miktex portable\tex\latex\microtype\microtype.cfg"
File: microtype.cfg 2013/05/23 v2.5a microtype main configuration file (RS)
))
Package classicthesis Info: A4 paper, Palatino or other on input line 253.
Package typearea Info: These are the values describing the layout:
(typearea)             DIV  = areaset
(typearea)             BCOR = 14.22636pt
(typearea)             \paperwidth      = 597.50793pt
(typearea)              \textwidth      = 336.0pt
(typearea)              \evensidemargin = 65.59715pt
(typearea)              \oddsidemargin  = 65.59715pt
(typearea)             \paperheight     = 845.04694pt
(typearea)              \textheight     = 666.04997pt
(typearea)              \topmargin      = -40.58768pt
(typearea)              \headheight     = 15.95pt
(typearea)              \headsep        = 20.40001pt
(typearea)              \topskip        = 11.0pt
(typearea)              \footskip       = 47.60002pt
(typearea)              \baselineskip   = 13.6pt
(typearea)              on input line 253.

("C:\portable apps\miktex portable\tex\latex\textcase\textcase.sty"
Package: textcase 2004/10/07 v0.07 Text only upper/lower case changing (DPC)
)
Package classicthesis Info: Using pdftex/microtype for character spacing.Make s
ure your pdftex is version 1.40 or higher. on input line 325.


Class scrreprt Warning: Usage of package `titlesec' together
(scrreprt)              with a KOMA-Script class is not recommended.
(scrreprt)              I'd suggest to use the package only
(scrreprt)              if you really need it, because it breaks several
(scrreprt)              KOMA-Script features, i.e., option `headings' and
(scrreprt)              the extended optional argument of the section
(scrreprt)              commands.
(scrreprt)              Nevertheless, using requested
(scrreprt)              package `titlesec' on input line 356.

("C:\portable apps\miktex portable\tex\latex\titlesec\titlesec.sty"
Package: titlesec 2011/12/15 v2.10.0 Sectioning titles
\ttl@box=\box31
\beforetitleunit=\skip74
\aftertitleunit=\skip75
\ttl@plus=\dimen152
\ttl@minus=\dimen153
\ttl@toksa=\toks27
\titlewidth=\dimen154
\titlewidthlast=\dimen155
\titlewidthfirst=\dimen156


Package titlesec Warning: Non standard sectioning command detected
(titlesec)                Using default spacing and no format.


Package titlesec Warning: Non standard sectioning command detected
(titlesec)                Using default spacing and no format.


Package titlesec Warning: Non standard sectioning command detected
(titlesec)                Using default spacing and no format.


Package titlesec Warning: Non standard sectioning command detected
(titlesec)                Using default spacing and no format.


Package titlesec Warning: Non standard sectioning command detected
(titlesec)                Using default spacing and no format.

)

Package scrreprt Warning: Activating an ugly workaround for a missing
(scrreprt)                feature of package `titlesec` on input line 356.

("C:\portable apps\miktex portable\tex\latex\tocloft\tocloft.sty"
Package: tocloft 2013/05/02 v2.3f parameterised ToC, etc., typesetting
Package tocloft Info: The document has chapter divisions on input line 44.
\cftparskip=\skip76
\cftbeforetoctitleskip=\skip77
\cftaftertoctitleskip=\skip78
\cftbeforepartskip=\skip79
\cftpartnumwidth=\skip80
\cftpartindent=\skip81
\cftbeforechapskip=\skip82
\cftchapindent=\skip83
\cftchapnumwidth=\skip84
\cftbeforesecskip=\skip85
\cftsecindent=\skip86
\cftsecnumwidth=\skip87
\cftbeforesubsecskip=\skip88
\cftsubsecindent=\skip89
\cftsubsecnumwidth=\skip90
\cftbeforesubsubsecskip=\skip91
\cftsubsubsecindent=\skip92
\cftsubsubsecnumwidth=\skip93
\cftbeforeparaskip=\skip94
\cftparaindent=\skip95
\cftparanumwidth=\skip96
\cftbeforesubparaskip=\skip97
\cftsubparaindent=\skip98
\cftsubparanumwidth=\skip99
\cftbeforeloftitleskip=\skip100
\cftafterloftitleskip=\skip101
\cftbeforefigskip=\skip102
\cftfigindent=\skip103
\cftfignumwidth=\skip104
\cftbeforelottitleskip=\skip105
\cftafterlottitleskip=\skip106
\cftbeforetabskip=\skip107
\cfttabindent=\skip108
\cfttabnumwidth=\skip109
\cftbeforesubfigskip=\skip110
\cftsubfigindent=\skip111
\cftsubfignumwidth=\skip112
\cftbeforesubtabskip=\skip113
\cftsubtabindent=\skip114
\cftsubtabnumwidth=\skip115
)
\newnumberwidth=\skip116
\beforebibskip=\skip117
\newchnumberwidth=\skip118
\figurelabelwidth=\skip119
\tablelabelwidth=\skip120
\c@listings=\count141
\cftbeforelistingsskip=\skip121
\cftlistingsindent=\skip122
\cftlistingsnumwidth=\skip123
\c@loldepth=\count142
\cftbeforeloltitleskip=\skip124
\cftafterloltitleskip=\skip125
\listingslabelwidth=\skip126

Using KOMA-command "deffootnote" for footnote setup
("C:\portable apps\miktex portable\tex\latex\carlisle\remreset.sty"))
("C:\portable apps\miktex portable\tex\latex\oberdiek\epstopdf.sty"
Package: epstopdf 2010/02/09 v2.5 Conversion with epstopdf on the fly (HO)

("C:\portable apps\miktex portable\tex\latex\oberdiek\epstopdf-base.sty"
Package: epstopdf-base 2010/02/09 v2.5 Base part for package epstopdf

("C:\portable apps\miktex portable\tex\latex\oberdiek\grfext.sty"
Package: grfext 2010/08/19 v1.1 Manage graphics extensions (HO)
)
Package grfext Info: Graphics extension search list:
(grfext)             [.png,.pdf,.jpg,.mps,.jpeg,.jbig2,.jb2,.PNG,.PDF,.JPG,.JPE
G,.JBIG2,.JB2,.eps]
(grfext)             \AppendGraphicsExtensions on input line 452.
))
("C:\portable apps\miktex portable\tex\latex\geometry\geometry.sty"
Package: geometry 2010/09/12 v5.6 Page Geometry
\Gm@cnth=\count143
\Gm@cntv=\count144
\c@Gm@tempcnt=\count145
\Gm@bindingoffset=\dimen157
\Gm@wd@mp=\dimen158
\Gm@odd@mp=\dimen159
\Gm@even@mp=\dimen160
\Gm@layoutwidth=\dimen161
\Gm@layoutheight=\dimen162
\Gm@layouthoffset=\dimen163
\Gm@layoutvoffset=\dimen164
\Gm@dimlist=\toks28

("C:\portable apps\miktex portable\tex\latex\geometry\geometry.cfg")))
("C:\akademie\eeri321\prak2\tex\classicthesis holy template EERI\main.aux"
("C:\akademie\eeri321\prak2\tex\classicthesis holy template EERI\FrontBackMatte
r/Titlepage.aux")
("C:\akademie\eeri321\prak2\tex\classicthesis holy template EERI\FrontBackMatte
r/Abstract.aux")
("C:\akademie\eeri321\prak2\tex\classicthesis holy template EERI\FrontBackMatte
r/Declaration.aux")
("C:\akademie\eeri321\prak2\tex\classicthesis holy template EERI\FrontBackMatte
r/Contents.aux")
("C:\akademie\eeri321\prak2\tex\classicthesis holy template EERI\Chapters/Chapt
er01.aux"))
LaTeX Font Info:    Checking defaults for OML/cmm/m/it on input line 39.
LaTeX Font Info:    ... okay on input line 39.
LaTeX Font Info:    Checking defaults for T1/cmr/m/n on input line 39.
LaTeX Font Info:    ... okay on input line 39.
LaTeX Font Info:    Checking defaults for OT1/cmr/m/n on input line 39.
LaTeX Font Info:    ... okay on input line 39.
LaTeX Font Info:    Checking defaults for OMS/cmsy/m/n on input line 39.
LaTeX Font Info:    ... okay on input line 39.
LaTeX Font Info:    Checking defaults for OMX/cmex/m/n on input line 39.
LaTeX Font Info:    ... okay on input line 39.
LaTeX Font Info:    Checking defaults for U/cmr/m/n on input line 39.
LaTeX Font Info:    ... okay on input line 39.
LaTeX Font Info:    Checking defaults for PD1/pdf/m/n on input line 39.
LaTeX Font Info:    ... okay on input line 39.
LaTeX Font Info:    Try loading font information for T1+pplj on input line 39.
 ("C:\portable apps\miktex portable\tex\latex\psnfss\t1pplj.fd"
File: t1pplj.fd 2004/09/06 font definitions for T1/pplj.
)
("C:\portable apps\miktex portable\tex\context\base\supp-pdf.mkii"
[Loading MPS to PDF converter (version 2006.09.02).]
\scratchcounter=\count146
\scratchdimen=\dimen165
\scratchbox=\box32
\nofMPsegments=\count147
\nofMParguments=\count148
\everyMPshowfont=\toks29
\MPscratchCnt=\count149
\MPscratchDim=\dimen166
\MPnumerator=\count150
\makeMPintoPDFobject=\count151
\everyMPtoPDFconversion=\toks30
)
Package caption Info: Begin \AtBeginDocument code.
Package caption Info: subfig package v1.3 is loaded.
Package caption Info: hyperref package is loaded.
Package caption Info: listings package is loaded.
Package caption Info: End \AtBeginDocument code.
\c@lstlisting=\count152
\AtBeginShipoutBox=\box33
Package hyperref Info: Link coloring ON on input line 39.
 ("C:\portable apps\miktex portable\tex\latex\hyperref\nameref.sty"
Package: nameref 2012/10/27 v2.43 Cross-referencing by name of section

("C:\portable apps\miktex portable\tex\generic\oberdiek\gettitlestring.sty"
Package: gettitlestring 2010/12/03 v1.4 Cleanup title references (HO)
)
\c@section@level=\count153
)
LaTeX Info: Redefining \ref on input line 39.
LaTeX Info: Redefining \pageref on input line 39.
LaTeX Info: Redefining \nameref on input line 39.

("C:\akademie\eeri321\prak2\tex\classicthesis holy template EERI\main.out")
("C:\akademie\eeri321\prak2\tex\classicthesis holy template EERI\main.out")
\@outlinefile=\write4
LaTeX Info: Redefining \microtypecontext on input line 39.
Package microtype Info: Generating PDF output.
Package microtype Info: Character protrusion enabled (level 2).
Package microtype Info: Using default protrusion set `alltext'.
Package microtype Info: No font expansion.
Package microtype Info: No adjustment of tracking.
Package microtype Info: No adjustment of interword spacing.
Package microtype Info: No adjustment of character kerning.

("C:\portable apps\miktex portable\tex\latex\microtype\mt-ppl.cfg"
File: mt-ppl.cfg 2005/11/16 v1.6 microtype config. file: Palatino (RS)
)
*geometry* driver: auto-detecting
*geometry* detected driver: pdftex
*geometry* verbose mode - [ preamble ] result:
* driver: pdftex
* paper: <default>
* layout: <same size as paper>
* layoutoffset:(h,v)=(0.0pt,0.0pt)
* modes: includehead includefoot 
* h-part:(L,W,R)=(99.58464pt, 398.33865pt, 99.58464pt)
* v-part:(T,H,B)=(42.67912pt, 745.46231pt, 56.9055pt)
* \paperwidth=597.50793pt
* \paperheight=845.04694pt
* \textwidth=398.33865pt
* \textheight=661.51228pt
* \oddsidemargin=27.31465pt
* \evensidemargin=27.31465pt
* \topmargin=-29.59087pt
* \headheight=15.95pt
* \headsep=20.40001pt
* \topskip=11.0pt
* \footskip=47.60002pt
* \marginparwidth=76.21515pt
* \marginparsep=21.77576pt
* \columnsep=10.0pt
* \skip\footins=10.0pt plus 4.0pt minus 2.0pt
* \hoffset=0.0pt
* \voffset=0.0pt
* \mag=1000
* \@twocolumnfalse
* \@twosidefalse
* \@mparswitchfalse
* \@reversemarginfalse
* (1in=72.27pt=25.4mm, 1cm=28.453pt)


("C:\akademie\eeri321\prak2\tex\classicthesis holy template EERI\FrontBackMatte
r/Titlepage.tex"
Package microtype Info: Character `029' is missing
(microtype)             in font `T1/pplj/m/sc/24.88'.
(microtype)             Ignoring protrusion settings for this character.
LaTeX Font Info:    Try loading font information for U+zeur on input line 26.
 ("C:\portable apps\miktex portable\tex\latex\eulervm\uzeur.fd"
File: uzeur.fd 2005/01/11 v4.0 (WaS)
) ("C:\portable apps\miktex portable\tex\latex\microtype\mt-eur.cfg"
File: mt-eur.cfg 2006/07/31 v1.1 microtype config. file: AMS Euler Roman (RS)
)
LaTeX Font Info:    Try loading font information for U+zeus on input line 26.

("C:\portable apps\miktex portable\tex\latex\eulervm\uzeus.fd"
File: uzeus.fd 2005/01/11 v4.0 (WaS)
)
("C:\portable apps\miktex portable\tex\latex\microtype\mt-eus.cfg"
File: mt-eus.cfg 2006/07/28 v1.2 microtype config. file: AMS Euler Script (RS)
)
LaTeX Font Info:    Try loading font information for U+zeuex on input line 26.

("C:\portable apps\miktex portable\tex\latex\eulervm\uzeuex.fd"
File: uzeuex.fd 2005/01/11 v4.0 (WaS)
)
LaTeX Font Info:    Try loading font information for OT1+zplm on input line 26.


("C:\portable apps\miktex portable\tex\latex\psnfss\ot1zplm.fd"
File: ot1zplm.fd 2002/09/08 Fontinst v1.914 font definitions for OT1/zplm.
)
Package microtype Info: Loading generic settings for font family
(microtype)             `zplm' (encoding: OT1).
(microtype)             For optimal results, create family-specific settings.
(microtype)             See the microtype manual for details.

<frontpage.png, id=47, 597.1911pt x 844.8363pt>
File: frontpage.png Graphic file (type png)
 <use frontpage.png>
Package pdftex.def Info: frontpage.png used on input line 54.
(pdftex.def)             Requested size: 597.18965pt x 844.83424pt.
 [1




{C:/portable apps/miktex portable/pdftex/config/pdftex.map} <C:/akademie/eeri32
1/prak2/tex/classicthesis holy template EERI/frontpage.png>])
("C:\akademie\eeri321\prak2\tex\classicthesis holy template EERI\FrontBackMatte
r/Abstract.tex") [2


]
("C:\akademie\eeri321\prak2\tex\classicthesis holy template EERI\FrontBackMatte
r/Declaration.tex") [3



]
("C:\akademie\eeri321\prak2\tex\classicthesis holy template EERI\FrontBackMatte
r/Contents.tex"
Package tocbasic Info: character protrusion at toc deactivated on input line 14
.

("C:\akademie\eeri321\prak2\tex\classicthesis holy template EERI\main.toc"
LaTeX Font Info:    Font shape `T1/pplj/bx/n' in size <10.95> not available
(Font)              Font shape `T1/pplj/b/n' tried instead on input line 4.
Package microtype Info: Character `029' is missing
(microtype)             in font `T1/pplj/m/sc/10.95'.
(microtype)             Ignoring protrusion settings for this character.
)
\tf@toc=\write5
Package tocbasic Info: character protrusion at lof deactivated on input line 34
.

("C:\akademie\eeri321\prak2\tex\classicthesis holy template EERI\main.lof")
\tf@lof=\write6
Package tocbasic Info: character protrusion at lot deactivated on input line 36
.

("C:\akademie\eeri321\prak2\tex\classicthesis holy template EERI\main.lot")
\tf@lot=\write7
LaTeX Font Info:    Font shape `T1/pplj/bx/n' in size <9> not available
(Font)              Font shape `T1/pplj/b/n' tried instead on input line 54.
)
[4





]
("C:\akademie\eeri321\prak2\tex\classicthesis holy template EERI\Chapters/Chapt
er01.tex"
chapter 1.

Class scrreprt Warning: \float@addtolists detected!
(scrreprt)              Implementation of \float@addtolist became
(scrreprt)              deprecated in KOMA-Script v3.01 2008/11/14 and
(scrreprt)              has been replaced by several more flexible
(scrreprt)              features of package `tocbasic`.
(scrreprt)              Since Version 3.12 support for deprecated
(scrreprt)              \float@addtolist interface has been
(scrreprt)              restricted to only some of the KOMA-Script
(scrreprt)              features and been removed from others.
(scrreprt)              Loading of package `scrhack' may help to
(scrreprt)              avoid this warning, if you are using a
(scrreprt)              a package that still implements the
(scrreprt)              deprecated \float@addtolist interface .

[1







]
chapter 2.
[2

]
chapter 3.
<images/simulink_model.png, id=132, 1114.1625pt x 469.00218pt>
File: images/simulink_model.png Graphic file (type png)

<use images/simulink_model.png>
Package pdftex.def Info: images/simulink_model.png used on input line 104.
(pdftex.def)             Requested size: 358.50235pt x 150.90674pt.
 [3

 <C:/akademie/eeri321/prak2/tex/classicthesis holy template EERI/images/simulin
k_model.png>]
chapter 4.
<images/simulink_output.png, id=147, 866.48718pt x 528.47438pt>
File: images/simulink_output.png Graphic file (type png)

<use images/simulink_output.png>
Package pdftex.def Info: images/simulink_output.png used on input line 124.
(pdftex.def)             Requested size: 398.33865pt x 242.94795pt.
 [4

 <C:/akademie/eeri321/prak2/tex/classicthesis holy template EERI/images/simulin
k_output.png>]
chapter 5.
) [5

] ("C:\akademie\eeri321\prak2\tex\classicthesis holy template EERI\main.bbl") [
6


]
Package atveryend Info: Empty hook `BeforeClearDocument' on input line 92.
Package atveryend Info: Empty hook `AfterLastShipout' on input line 92.
 ("C:\akademie\eeri321\prak2\tex\classicthesis holy template EERI\main.aux"
("C:\akademie\eeri321\prak2\tex\classicthesis holy template EERI\FrontBackMatte
r/Titlepage.aux")
("C:\akademie\eeri321\prak2\tex\classicthesis holy template EERI\FrontBackMatte
r/Abstract.aux")
("C:\akademie\eeri321\prak2\tex\classicthesis holy template EERI\FrontBackMatte
r/Declaration.aux")
("C:\akademie\eeri321\prak2\tex\classicthesis holy template EERI\FrontBackMatte
r/Contents.aux")
("C:\akademie\eeri321\prak2\tex\classicthesis holy template EERI\Chapters/Chapt
er01.aux"))
Package atveryend Info: Executing hook `AtVeryEndDocument' on input line 92.
Package atveryend Info: Executing hook `AtEndAfterFileList' on input line 92.
Package rerunfilecheck Info: File `main.out' has not changed.
(rerunfilecheck)             Checksum: B0B0395D2BDE767755A282E51C916D8B;557.
Package atveryend Info: Empty hook `AtVeryVeryEnd' on input line 92.
 ) 
Here is how much of TeX's memory you used:
 15714 strings out of 493921
 246168 string characters out of 3150959
 546098 words of memory out of 3000000
 18583 multiletter control sequences out of 15000+200000
 61040 words of font info for 101 fonts, out of 3000000 for 9000
 841 hyphenation exceptions out of 8191
 45i,15n,66p,534b,406s stack positions out of 5000i,500n,10000p,200000b,50000s
{C:/portable apps/miktex portable/fonts/enc/dvips/fontname/8r.enc}<C:/portabl
e apps/miktex portable/fonts/type1/public/amsfonts/cm/cmex10.pfb><C:/portable a
pps/miktex portable/fonts/type1/public/amsfonts/cm/cmsy10.pfb><C:/portable apps
/miktex portable/fonts/type1/public/amsfonts/cm/cmsy7.pfb><C:/portable apps/mik
tex portable/fonts/type1/public/amsfonts/euler/eufm10.pfb><C:/portable apps/mik
tex portable/fonts/type1/public/amsfonts/euler/eufm7.pfb><C:/portable apps/mikt
ex portable/fonts/type1/public/amsfonts/euler/eurb10.pfb><C:/portable apps/mikt
ex portable/fonts/type1/public/amsfonts/euler/eurm10.pfb><C:/portable apps/mikt
ex portable/fonts/type1/public/amsfonts/euler/eurm7.pfb><C:/portable apps/mikte
x portable/fonts/type1/public/fpl/fplrc8a.pfb><C:/portable apps/miktex portable
/fonts/type1/public/fpl/fplrij8a.pfb><C:/portable apps/miktex portable/fonts/ty
pe1/urw/palatino/uplb8a.pfb><C:/portable apps/miktex portable/fonts/type1/urw/p
alatino/uplr8a.pfb><C:/portable apps/miktex portable/fonts/type1/urw/palatino/u
plri8a.pfb>
Output written on main.pdf (10 pages, 986347 bytes).
PDF statistics:
 224 PDF objects out of 1000 (max. 8388607)
 56 named destinations out of 1000 (max. 500000)
 10856 words of extra memory for PDF output out of 12000 (max. 10000000)

