This is pdfTeX, Version 3.14159265-2.6-1.40.17 (MiKTeX 2.9) (preloaded format=pdflatex 2016.10.11)  11 OCT 2016 19:42
entering extended mode
**./Chapter01.tex
(Chapter01.tex
LaTeX2e <2016/03/31> patch level 3
Babel <3.9r> and hyphenation patterns for 75 language(s) loaded.
! Undefined control sequence.
l.5 \chapter
            {Introduction}
? 
! Emergency stop.
l.5 \chapter
            {Introduction}
End of file on the terminal!

 
Here is how much of TeX's memory you used:
 6 strings out of 493334
 97 string characters out of 3136674
 53242 words of memory out of 3000000
 3636 multiletter control sequences out of 15000+200000
 3640 words of font info for 14 fonts, out of 3000000 for 9000
 1141 hyphenation exceptions out of 8191
 5i,0n,1p,43b,8s stack positions out of 5000i,500n,10000p,200000b,50000s
!  ==> Fatal error occurred, no output PDF file produced!
